SF:/Users/suragch/Dev/DartProjects/mongol_code/lib/src/shared/gender.dart
DA:5,4
DA:6,4
DA:7,8
DA:8,8
DA:10,8
LF:5
LH:5
end_of_record
SF:/Users/suragch/Dev/DartProjects/mongol_code/lib/src/menksoft/menksoft.dart
DA:466,6
DA:467,12
DA:470,5
DA:471,8
DA:474,2
DA:475,4
DA:478,3
DA:479,6
DA:482,2
DA:483,4
DA:484,4
DA:487,3
DA:488,6
DA:489,4
DA:492,2
DA:493,4
DA:496,4
DA:497,4
DA:498,2
DA:499,2
DA:500,2
DA:501,2
DA:502,2
DA:503,2
DA:504,2
DA:505,2
DA:506,2
DA:507,2
DA:508,2
DA:509,2
DA:510,2
DA:511,2
DA:512,2
DA:513,2
DA:514,2
DA:515,2
DA:516,2
DA:517,2
DA:518,2
DA:519,2
DA:520,2
DA:521,2
DA:522,2
DA:523,2
DA:524,2
DA:525,2
DA:526,2
DA:527,2
DA:528,2
DA:529,2
DA:530,2
DA:531,2
DA:532,2
DA:533,2
DA:534,2
DA:535,2
DA:536,2
DA:537,2
DA:538,2
DA:539,2
DA:540,2
DA:541,2
DA:542,2
DA:543,2
DA:544,2
DA:545,2
DA:546,2
DA:547,2
DA:548,2
DA:549,2
DA:550,2
DA:551,2
DA:552,2
DA:553,2
DA:554,2
DA:555,2
DA:556,2
DA:557,2
DA:558,2
DA:559,2
DA:560,2
DA:561,2
DA:562,2
DA:563,2
DA:564,2
DA:565,2
DA:566,2
DA:567,2
DA:568,2
DA:569,2
DA:570,2
DA:571,2
DA:572,2
DA:573,2
DA:574,2
DA:575,2
DA:576,2
DA:579,5
DA:580,5
DA:581,5
DA:582,5
DA:583,5
DA:584,5
DA:585,5
DA:586,5
DA:587,5
DA:588,5
DA:589,5
DA:590,5
DA:591,5
DA:592,5
DA:593,5
DA:594,5
DA:595,5
DA:596,5
DA:597,5
DA:598,5
DA:599,5
DA:600,5
DA:601,5
DA:602,5
DA:603,5
DA:604,5
DA:605,5
DA:606,5
DA:607,5
DA:608,5
DA:609,5
DA:610,5
DA:611,5
DA:612,5
DA:613,5
DA:614,5
DA:615,5
DA:616,5
DA:617,5
DA:618,5
DA:619,5
DA:620,5
DA:621,5
DA:622,5
DA:623,5
DA:624,5
DA:625,5
DA:626,5
DA:627,5
DA:628,5
DA:629,5
DA:630,5
DA:631,5
DA:632,5
DA:633,5
DA:634,5
DA:635,5
DA:636,5
DA:637,5
DA:638,5
DA:639,5
DA:640,5
DA:641,5
DA:642,5
DA:643,5
DA:644,5
DA:645,5
DA:646,5
DA:649,4
DA:650,8
LF:167
LH:167
end_of_record
SF:/Users/suragch/Dev/DartProjects/mongol_code/lib/src/unicode/suffix.dart
DA:65,1
DA:66,1
DA:68,1
DA:69,1
DA:75,1
DA:87,0
DA:88,0
DA:89,0
DA:95,0
DA:103,0
DA:104,0
DA:105,0
DA:106,0
DA:107,0
DA:108,0
DA:113,0
DA:117,0
DA:118,0
DA:124,0
DA:134,0
DA:135,0
DA:136,0
DA:142,0
DA:154,0
DA:155,0
DA:165,1
DA:166,1
DA:167,1
DA:173,1
DA:185,1
DA:186,1
DA:187,1
DA:193,1
DA:203,1
DA:204,1
DA:213,1
DA:214,1
DA:223,1
DA:224,1
DA:233,0
DA:234,0
DA:241,0
DA:242,0
DA:249,0
DA:250,0
LF:45
LH:19
end_of_record
SF:/Users/suragch/Dev/DartProjects/mongol_code/lib/src/unicode/mongol.dart
DA:107,4
DA:108,7
DA:111,5
DA:112,9
DA:115,6
DA:116,6
DA:117,6
DA:118,6
DA:121,6
DA:122,6
DA:123,6
DA:124,6
DA:125,6
DA:128,7
DA:129,7
DA:130,6
DA:131,6
DA:132,6
DA:136,4
DA:137,4
DA:139,16
DA:143,4
DA:145,4
DA:146,8
DA:151,4
DA:152,12
LF:26
LH:26
end_of_record
SF:/Users/suragch/Dev/DartProjects/mongol_code/lib/src/unicode/convert_unicode.dart
DA:7,8
DA:8,8
DA:9,8
DA:12,16
DA:16,16
DA:17,16
DA:18,4
DA:20,8
DA:21,2
DA:23,4
DA:24,4
DA:26,16
DA:28,14
DA:29,14
DA:30,7
DA:34,7
DA:35,7
DA:36,7
DA:42,8
DA:48,8
DA:49,8
DA:50,6
DA:51,6
DA:55,8
DA:56,8
DA:57,8
DA:58,6
DA:62,8
DA:63,16
DA:66,8
DA:67,16
DA:70,6
DA:71,6
DA:74,8
DA:75,14
DA:79,7
DA:80,7
DA:83,7
DA:88,6
DA:91,6
DA:92,6
DA:93,12
DA:94,6
DA:95,6
DA:101,7
DA:102,14
DA:103,7
DA:108,6
DA:109,18
DA:110,12
DA:111,3
DA:112,12
DA:113,0
DA:118,6
DA:119,6
DA:120,6
DA:121,18
DA:122,6
DA:123,6
DA:124,4
DA:126,3
DA:127,9
DA:128,3
DA:129,3
DA:130,3
DA:133,4
DA:134,2
DA:135,2
DA:137,4
DA:140,6
DA:143,6
DA:144,6
DA:149,6
DA:150,6
DA:153,4
DA:155,12
DA:157,9
DA:159,15
DA:162,3
DA:163,6
DA:166,6
DA:168,6
DA:174,6
DA:175,6
LF:84
LH:83
end_of_record
SF:/Users/suragch/Dev/DartProjects/mongol_code/lib/src/menksoft/convert_menksoft.dart
DA:4,6
DA:5,6
DA:7,6
DA:8,6
DA:11,6
DA:12,12
DA:13,6
DA:14,11
DA:15,5
DA:19,6
DA:20,2
DA:21,2
DA:25,6
DA:26,5
DA:31,3
DA:35,6
DA:36,5
DA:39,6
DA:42,6
DA:43,11
DA:46,5
DA:47,10
DA:48,5
LF:23
LH:23
end_of_record
SF:/Users/suragch/Dev/DartProjects/mongol_code/lib/src/menksoft/menksoft_word.dart
DA:14,5
DA:15,5
DA:18,5
DA:19,5
DA:20,5
DA:23,3
DA:25,3
DA:29,3
DA:31,3
DA:36,5
DA:37,10
DA:38,0
DA:41,10
DA:46,5
DA:49,10
DA:50,10
DA:51,10
DA:52,19
DA:54,5
DA:56,5
DA:58,4
DA:59,5
DA:61,3
DA:62,4
DA:64,4
DA:65,4
DA:67,4
DA:68,4
DA:70,4
DA:71,4
DA:73,3
DA:74,4
DA:76,4
DA:77,4
DA:79,3
DA:80,4
DA:82,3
DA:83,4
DA:85,3
DA:86,4
DA:90,3
DA:91,4
DA:93,4
DA:94,4
DA:96,4
DA:97,4
DA:99,3
DA:100,4
DA:102,3
DA:103,4
DA:105,4
DA:106,4
DA:108,3
DA:109,4
DA:111,4
DA:112,4
DA:114,3
DA:115,4
DA:117,2
DA:118,4
DA:120,4
DA:121,4
DA:123,4
DA:124,4
DA:126,4
DA:127,4
DA:129,3
DA:130,4
DA:132,4
DA:133,4
DA:135,4
DA:136,3
DA:138,3
DA:139,3
DA:141,2
DA:142,3
DA:144,3
DA:145,3
DA:147,1
DA:148,3
DA:150,2
DA:151,3
DA:153,2
DA:154,3
DA:156,2
DA:157,3
DA:159,2
DA:160,3
DA:162,3
DA:163,2
DA:165,1
DA:166,2
DA:168,2
DA:174,5
DA:175,4
DA:176,1
DA:186,4
DA:187,4
DA:188,4
DA:190,2
DA:191,1
DA:192,1
DA:193,2
DA:194,1
DA:195,1
DA:196,2
DA:197,1
DA:198,1
DA:199,2
DA:200,1
DA:201,1
DA:202,1
DA:203,2
DA:204,1
DA:205,1
DA:206,2
DA:207,2
DA:208,1
DA:209,1
DA:210,1
DA:211,2
DA:212,2
DA:213,2
DA:214,1
DA:215,1
DA:216,1
DA:217,2
DA:218,1
DA:219,1
DA:220,1
DA:221,1
DA:223,2
DA:225,3
DA:227,2
DA:228,2
DA:229,2
DA:230,0
DA:231,0
DA:232,2
DA:233,0
DA:234,0
DA:235,0
DA:237,2
DA:239,3
DA:240,3
DA:241,3
DA:242,0
DA:244,3
DA:246,3
DA:247,3
DA:248,3
DA:249,2
DA:250,2
DA:251,2
DA:252,0
DA:253,0
DA:254,2
DA:255,0
DA:256,0
DA:257,0
DA:259,2
DA:264,4
DA:265,4
DA:266,4
DA:268,2
DA:269,1
DA:270,1
DA:271,2
DA:272,1
DA:273,1
DA:274,2
DA:275,1
DA:276,1
DA:277,1
DA:278,2
DA:279,1
DA:280,1
DA:281,2
DA:282,2
DA:283,1
DA:284,1
DA:285,1
DA:286,2
DA:287,2
DA:288,2
DA:289,1
DA:290,1
DA:291,1
DA:293,2
DA:295,3
DA:297,3
DA:298,0
DA:299,0
DA:300,3
DA:301,3
DA:302,3
DA:303,0
DA:304,0
DA:306,3
DA:308,3
DA:309,3
DA:310,3
DA:312,3
DA:313,2
DA:314,2
DA:315,3
DA:316,3
DA:317,3
DA:318,0
DA:319,0
DA:321,3
DA:326,4
DA:332,4
DA:333,4
DA:335,2
DA:336,1
DA:337,1
DA:338,2
DA:339,1
DA:340,1
DA:341,2
DA:342,2
DA:343,2
DA:344,2
DA:345,2
DA:346,2
DA:347,2
DA:348,1
DA:349,1
DA:350,1
DA:351,2
DA:352,1
DA:353,1
DA:354,1
DA:355,1
DA:356,2
DA:357,1
DA:358,1
DA:359,1
DA:360,1
DA:362,2
DA:364,3
DA:366,2
DA:367,2
DA:368,2
DA:369,1
DA:370,1
DA:371,2
DA:372,0
DA:373,0
DA:374,0
DA:375,2
DA:376,0
DA:377,0
DA:378,0
DA:380,2
DA:382,3
DA:384,3
DA:385,3
DA:386,5
DA:389,3
DA:390,4
DA:392,1
DA:395,3
DA:396,1
DA:397,1
DA:399,3
DA:401,3
DA:403,3
DA:404,3
DA:405,3
DA:406,0
DA:407,0
DA:408,3
DA:409,0
DA:410,0
DA:411,0
DA:412,3
DA:413,0
DA:414,0
DA:415,0
DA:417,3
DA:422,3
DA:423,3
DA:424,2
DA:425,2
DA:426,2
DA:429,3
DA:430,6
DA:433,1
DA:434,2
DA:437,3
DA:438,3
DA:439,3
DA:441,2
DA:442,1
DA:443,1
DA:444,2
DA:445,1
DA:446,1
DA:447,2
DA:448,2
DA:449,1
DA:450,1
DA:451,1
DA:452,2
DA:453,1
DA:454,1
DA:455,1
DA:456,1
DA:457,2
DA:458,2
DA:459,1
DA:460,1
DA:461,1
DA:463,2
DA:465,2
DA:467,2
DA:468,0
DA:469,0
DA:470,0
DA:471,2
DA:472,2
DA:473,0
DA:474,0
DA:476,2
DA:478,2
DA:480,2
DA:481,2
DA:482,2
DA:484,2
DA:486,2
DA:487,2
DA:489,2
DA:490,2
DA:491,2
DA:492,6
DA:493,1
DA:495,1
DA:496,0
DA:497,0
DA:498,1
DA:499,1
DA:500,0
DA:505,4
DA:506,4
DA:507,4
DA:509,2
DA:510,2
DA:511,2
DA:512,2
DA:513,2
DA:514,2
DA:515,1
DA:516,1
DA:517,1
DA:518,1
DA:519,1
DA:520,1
DA:521,1
DA:522,1
DA:523,1
DA:524,1
DA:525,1
DA:526,1
DA:527,1
DA:528,1
DA:529,1
DA:531,1
DA:533,3
DA:535,2
DA:536,0
DA:537,0
DA:538,0
DA:539,2
DA:540,2
DA:541,0
DA:542,0
DA:544,2
DA:546,3
DA:548,3
DA:549,0
DA:550,0
DA:552,3
DA:554,2
DA:555,2
DA:557,2
DA:558,0
DA:559,2
DA:560,6
DA:561,2
DA:563,1
DA:564,0
DA:565,0
DA:566,1
DA:567,1
DA:568,0
DA:573,3
DA:574,3
DA:575,3
DA:577,2
DA:578,1
DA:579,1
DA:580,2
DA:581,1
DA:582,1
DA:583,2
DA:584,1
DA:585,1
DA:586,2
DA:587,2
DA:588,1
DA:589,1
DA:590,1
DA:591,2
DA:592,2
DA:593,1
DA:594,1
DA:595,1
DA:596,2
DA:597,1
DA:598,1
DA:599,1
DA:600,1
DA:601,2
DA:602,2
DA:603,1
DA:604,1
DA:605,1
DA:606,2
DA:607,2
DA:608,1
DA:609,1
DA:610,1
DA:611,1
DA:613,2
DA:615,2
DA:617,1
DA:618,0
DA:619,0
DA:620,0
DA:621,1
DA:622,1
DA:623,0
DA:624,0
DA:625,1
DA:626,1
DA:627,0
DA:628,0
DA:629,0
DA:631,1
DA:633,2
DA:635,2
DA:636,1
DA:637,2
DA:638,4
DA:639,2
DA:640,1
DA:642,1
DA:643,0
DA:644,0
DA:646,1
DA:648,2
DA:649,2
DA:651,2
DA:652,2
DA:653,0
DA:654,2
DA:655,6
DA:656,1
DA:658,0
DA:659,0
DA:660,0
DA:661,0
DA:662,0
DA:663,0
DA:664,0
DA:665,0
DA:666,0
DA:667,0
DA:672,3
DA:673,3
DA:674,3
DA:676,2
DA:677,1
DA:678,1
DA:679,2
DA:680,2
DA:681,2
DA:682,2
DA:683,2
DA:684,2
DA:685,1
DA:686,1
DA:687,1
DA:688,1
DA:689,1
DA:690,1
DA:691,1
DA:692,1
DA:693,1
DA:694,1
DA:695,1
DA:696,1
DA:697,1
DA:698,1
DA:699,1
DA:700,1
DA:701,1
DA:702,1
DA:703,1
DA:704,1
DA:705,1
DA:706,1
DA:707,1
DA:708,1
DA:709,1
DA:710,1
DA:712,1
DA:714,2
DA:716,2
DA:717,2
DA:718,0
DA:719,0
DA:720,2
DA:721,2
DA:722,0
DA:723,0
DA:724,0
DA:725,2
DA:726,0
DA:727,0
DA:728,0
DA:730,2
DA:732,2
DA:734,2
DA:735,2
DA:736,2
DA:737,4
DA:738,2
DA:739,2
DA:741,2
DA:742,2
DA:743,2
DA:745,2
DA:747,2
DA:748,2
DA:750,2
DA:751,2
DA:752,1
DA:753,2
DA:754,6
DA:755,2
DA:757,2
DA:758,0
DA:759,0
DA:760,2
DA:761,2
DA:762,0
DA:763,2
DA:764,2
DA:765,0
DA:766,0
DA:771,3
DA:777,3
DA:778,3
DA:780,1
DA:781,1
DA:782,1
DA:783,1
DA:784,1
DA:785,1
DA:786,1
DA:787,1
DA:788,1
DA:789,1
DA:791,1
DA:793,2
DA:795,0
DA:796,0
DA:797,0
DA:799,0
DA:801,2
DA:802,2
DA:803,0
DA:805,0
DA:806,0
DA:807,0
DA:809,0
DA:814,3
DA:815,7
DA:816,1
DA:818,3
DA:821,4
DA:827,4
DA:828,4
DA:830,1
DA:831,1
DA:832,1
DA:833,1
DA:834,1
DA:835,1
DA:836,1
DA:837,1
DA:838,1
DA:839,1
DA:840,1
DA:841,1
DA:842,1
DA:843,1
DA:844,1
DA:845,1
DA:846,1
DA:847,1
DA:848,1
DA:849,1
DA:850,1
DA:851,1
DA:852,1
DA:853,1
DA:854,1
DA:856,1
DA:858,3
DA:860,3
DA:861,3
DA:862,0
DA:863,0
DA:865,3
DA:867,3
DA:869,2
DA:870,2
DA:871,2
DA:872,2
DA:873,4
DA:874,2
DA:876,2
DA:877,2
DA:878,2
DA:879,2
DA:880,2
DA:881,2
DA:884,2
DA:886,3
DA:888,3
DA:889,0
DA:890,0
DA:891,3
DA:892,3
DA:893,3
DA:894,0
DA:895,0
DA:896,3
DA:897,3
DA:898,3
DA:899,0
DA:900,0
DA:901,0
DA:903,3
DA:908,4
DA:909,4
DA:910,4
DA:912,1
DA:913,1
DA:914,1
DA:915,1
DA:916,1
DA:917,1
DA:918,1
DA:920,1
DA:922,3
DA:923,3
DA:924,2
DA:925,2
DA:926,1
DA:927,1
DA:931,3
DA:932,7
DA:933,1
DA:935,3
DA:938,3
DA:939,3
DA:940,3
DA:942,1
DA:943,1
DA:945,1
DA:946,1
DA:947,1
DA:948,1
DA:949,1
DA:950,1
DA:951,1
DA:952,1
DA:953,1
DA:954,1
DA:955,1
DA:956,1
DA:957,1
DA:958,1
DA:959,1
DA:960,1
DA:961,1
DA:962,1
DA:963,1
DA:965,1
DA:966,1
DA:967,1
DA:968,1
DA:970,1
DA:971,1
DA:972,1
DA:973,1
DA:974,1
DA:975,1
DA:976,1
DA:977,1
DA:978,1
DA:980,1
DA:982,2
DA:984,2
DA:985,2
DA:987,0
DA:988,2
DA:989,2
DA:990,0
DA:991,0
DA:993,2
DA:995,2
DA:997,2
DA:998,2
DA:1001,2
DA:1002,0
DA:1004,2
DA:1006,2
DA:1007,2
DA:1009,0
DA:1010,2
DA:1011,2
DA:1012,1
DA:1013,2
DA:1014,2
DA:1016,0
DA:1017,0
DA:1019,2
DA:1022,1
DA:1024,1
DA:1026,1
DA:1027,0
DA:1028,0
DA:1029,0
DA:1030,1
DA:1032,0
DA:1033,0
DA:1034,1
DA:1036,0
DA:1037,0
DA:1038,0
DA:1039,1
DA:1040,1
DA:1041,0
DA:1042,0
DA:1044,1
DA:1049,4
DA:1055,4
DA:1056,4
DA:1058,1
DA:1059,1
DA:1061,1
DA:1062,1
DA:1063,1
DA:1064,1
DA:1065,1
DA:1066,1
DA:1067,1
DA:1068,1
DA:1069,1
DA:1070,1
DA:1071,1
DA:1072,1
DA:1073,1
DA:1074,1
DA:1075,1
DA:1076,1
DA:1077,1
DA:1078,1
DA:1079,1
DA:1080,1
DA:1081,1
DA:1082,1
DA:1083,1
DA:1084,1
DA:1085,1
DA:1086,1
DA:1087,1
DA:1088,1
DA:1090,1
DA:1092,3
DA:1094,2
DA:1095,2
DA:1097,0
DA:1099,2
DA:1101,3
DA:1103,3
DA:1104,3
DA:1105,3
DA:1106,3
DA:1107,3
DA:1109,3
DA:1110,2
DA:1111,4
DA:1112,2
DA:1115,3
DA:1117,2
DA:1118,2
DA:1119,2
DA:1121,2
DA:1122,2
DA:1123,1
DA:1125,2
DA:1126,2
DA:1127,2
DA:1129,0
DA:1130,0
DA:1131,0
DA:1132,0
DA:1133,0
DA:1134,0
DA:1135,0
DA:1136,0
DA:1137,0
DA:1138,0
DA:1139,0
DA:1140,0
DA:1145,3
DA:1146,5
DA:1149,2
DA:1150,8
DA:1151,6
DA:1158,2
DA:1159,2
DA:1162,3
DA:1163,3
DA:1164,3
DA:1166,1
DA:1167,1
DA:1168,1
DA:1169,1
DA:1170,1
DA:1171,1
DA:1172,1
DA:1173,1
DA:1174,1
DA:1176,1
DA:1178,2
DA:1180,2
DA:1181,2
DA:1182,2
DA:1183,0
DA:1184,0
DA:1186,2
DA:1188,2
DA:1189,2
DA:1190,2
DA:1192,2
DA:1193,2
DA:1194,2
DA:1195,0
DA:1196,0
DA:1198,2
DA:1203,4
DA:1204,4
DA:1205,4
DA:1207,1
DA:1208,1
DA:1209,1
DA:1210,1
DA:1211,1
DA:1212,1
DA:1213,1
DA:1214,1
DA:1215,1
DA:1217,1
DA:1219,3
DA:1221,3
DA:1222,3
DA:1223,3
DA:1224,0
DA:1225,0
DA:1227,3
DA:1229,2
DA:1230,2
DA:1231,2
DA:1233,2
DA:1234,2
DA:1235,2
DA:1236,0
DA:1237,0
DA:1239,2
DA:1244,3
DA:1245,3
DA:1246,3
DA:1248,1
DA:1249,1
DA:1250,1
DA:1251,1
DA:1252,1
DA:1253,1
DA:1254,1
DA:1255,1
DA:1256,1
DA:1257,1
DA:1258,1
DA:1259,1
DA:1261,1
DA:1263,2
DA:1265,2
DA:1266,2
DA:1267,0
DA:1268,0
DA:1270,2
DA:1272,2
DA:1273,2
DA:1274,1
DA:1276,1
DA:1277,1
DA:1278,0
DA:1279,0
DA:1281,1
DA:1286,2
DA:1287,2
DA:1288,2
DA:1290,1
DA:1291,1
DA:1292,1
DA:1293,1
DA:1294,1
DA:1295,1
DA:1296,1
DA:1297,1
DA:1299,1
DA:1301,1
DA:1303,1
DA:1304,1
DA:1305,0
DA:1306,0
DA:1308,1
DA:1310,1
DA:1311,1
DA:1312,0
DA:1314,0
DA:1315,0
DA:1316,0
DA:1317,0
DA:1319,0
DA:1324,4
DA:1325,4
DA:1326,4
DA:1328,1
DA:1329,1
DA:1330,1
DA:1331,1
DA:1332,1
DA:1333,1
DA:1334,1
DA:1335,1
DA:1336,1
DA:1337,1
DA:1338,1
DA:1339,1
DA:1340,1
DA:1342,1
DA:1344,3
DA:1346,3
DA:1347,0
DA:1348,0
DA:1349,3
DA:1350,3
DA:1351,0
DA:1352,0
DA:1353,0
DA:1355,3
DA:1357,2
DA:1359,2
DA:1360,2
DA:1361,2
DA:1362,2
DA:1364,2
DA:1366,2
DA:1368,2
DA:1369,0
DA:1370,0
DA:1371,2
DA:1372,2
DA:1373,0
DA:1374,0
DA:1375,0
DA:1377,2
DA:1382,4
DA:1383,4
DA:1384,4
DA:1386,1
DA:1387,1
DA:1389,1
DA:1390,1
DA:1391,1
DA:1392,1
DA:1393,1
DA:1394,1
DA:1395,1
DA:1396,1
DA:1397,1
DA:1398,1
DA:1399,1
DA:1400,1
DA:1401,1
DA:1402,1
DA:1403,1
DA:1404,1
DA:1405,1
DA:1407,1
DA:1409,3
DA:1411,2
DA:1412,0
DA:1413,0
DA:1414,2
DA:1415,2
DA:1416,2
DA:1417,2
DA:1419,2
DA:1421,3
DA:1423,2
DA:1424,2
DA:1425,2
DA:1426,2
DA:1427,2
DA:1429,2
DA:1430,2
DA:1431,2
DA:1432,0
DA:1435,1
DA:1437,3
DA:1439,3
DA:1440,0
DA:1441,0
DA:1442,3
DA:1443,0
DA:1444,0
DA:1445,0
DA:1446,3
DA:1447,2
DA:1448,2
DA:1450,3
DA:1455,4
DA:1456,4
DA:1457,4
DA:1459,1
DA:1460,1
DA:1461,1
DA:1463,1
DA:1465,3
DA:1466,2
DA:1467,3
DA:1468,3
DA:1469,0
DA:1471,0
DA:1472,0
DA:1473,0
DA:1475,0
DA:1480,3
DA:1481,3
DA:1482,3
DA:1484,1
DA:1485,1
DA:1486,1
DA:1487,1
DA:1488,1
DA:1489,1
DA:1490,1
DA:1491,1
DA:1494,1
DA:1495,1
DA:1497,1
DA:1499,2
DA:1501,2
DA:1502,0
DA:1503,0
DA:1505,2
DA:1507,2
DA:1508,2
DA:1509,0
DA:1511,0
DA:1512,0
DA:1513,0
DA:1514,0
DA:1517,0
DA:1519,0
DA:1524,4
DA:1530,4
DA:1531,4
DA:1533,1
DA:1534,1
DA:1535,1
DA:1536,1
DA:1537,0
DA:1538,0
DA:1539,0
DA:1540,0
DA:1541,1
DA:1542,1
DA:1543,1
DA:1545,1
DA:1547,3
DA:1549,3
DA:1550,2
DA:1551,2
DA:1553,3
DA:1555,3
DA:1557,3
DA:1558,6
DA:1561,2
DA:1562,2
DA:1565,2
DA:1567,0
DA:1569,0
DA:1570,0
DA:1571,0
DA:1573,0
DA:1578,4
DA:1579,4
DA:1580,4
DA:1582,1
DA:1583,1
DA:1584,1
DA:1586,1
DA:1588,3
DA:1589,2
DA:1590,3
DA:1591,2
DA:1592,3
DA:1594,3
DA:1595,3
DA:1596,0
DA:1597,0
DA:1599,3
DA:1604,3
DA:1610,3
DA:1611,3
DA:1613,1
DA:1614,1
DA:1615,1
DA:1616,1
DA:1618,1
DA:1619,1
DA:1621,1
DA:1623,2
DA:1624,1
DA:1625,2
DA:1631,2
DA:1632,1
DA:1634,1
DA:1635,0
DA:1636,0
DA:1637,1
DA:1638,1
DA:1639,1
DA:1641,1
DA:1646,2
DA:1647,5
DA:1648,1
DA:1650,2
DA:1653,3
DA:1654,7
DA:1655,1
DA:1657,3
DA:1660,1
DA:1661,3
DA:1662,1
DA:1664,1
DA:1667,2
DA:1668,2
DA:1669,2
DA:1671,1
DA:1672,1
DA:1673,1
DA:1675,1
DA:1677,1
DA:1678,1
DA:1679,0
DA:1680,0
DA:1681,0
DA:1683,0
DA:1684,0
DA:1685,0
DA:1687,0
DA:1692,2
DA:1693,2
DA:1694,2
DA:1696,1
DA:1697,1
DA:1698,1
DA:1700,1
DA:1702,1
DA:1703,1
DA:1704,1
DA:1705,1
DA:1706,0
DA:1708,0
DA:1709,0
DA:1710,0
DA:1712,0
DA:1717,2
DA:1718,2
DA:1719,2
DA:1721,1
DA:1722,1
DA:1723,1
DA:1724,1
DA:1725,1
DA:1726,1
DA:1727,1
DA:1729,1
DA:1731,1
DA:1733,0
DA:1734,0
DA:1735,0
DA:1737,0
DA:1739,1
DA:1740,1
DA:1741,0
DA:1743,0
DA:1744,0
DA:1745,0
DA:1747,0
DA:1752,2
DA:1753,2
DA:1754,2
DA:1756,1
DA:1757,1
DA:1758,1
DA:1760,1
DA:1762,1
DA:1763,1
DA:1764,1
DA:1765,1
DA:1766,0
DA:1768,0
DA:1769,0
DA:1770,0
DA:1772,0
DA:1777,3
DA:1778,3
DA:1779,3
DA:1781,1
DA:1782,1
DA:1783,1
DA:1784,1
DA:1786,1
DA:1788,2
DA:1790,2
DA:1791,2
DA:1792,0
DA:1793,0
DA:1795,2
DA:1798,1
DA:1802,1
DA:1803,1
DA:1806,2
DA:1807,2
DA:1810,4
DA:1811,4
DA:1812,4
DA:1813,2
DA:1815,2
DA:1819,3
DA:1821,3
DA:1822,2
DA:1823,3
DA:1824,2
DA:1825,3
DA:1826,2
DA:1827,3
DA:1828,3
DA:1829,2
DA:1830,2
DA:1831,2
DA:1832,2
DA:1833,2
DA:1834,2
DA:1835,2
DA:1836,2
DA:1837,2
DA:1838,2
DA:1839,2
DA:1840,2
DA:1841,2
DA:1842,2
DA:1843,2
DA:1844,2
DA:1845,2
DA:1846,2
DA:1847,2
DA:1848,2
DA:1849,2
DA:1850,2
DA:1851,2
DA:1852,2
DA:1853,2
DA:1854,2
DA:1855,2
DA:1856,2
DA:1857,2
DA:1858,2
DA:1859,2
DA:1860,2
DA:1861,2
DA:1862,2
DA:1863,2
DA:1864,2
DA:1865,2
DA:1866,2
DA:1867,2
DA:1868,2
DA:1869,2
DA:1870,2
DA:1871,2
DA:1872,2
DA:1873,2
DA:1874,2
DA:1875,2
DA:1876,2
DA:1877,2
DA:1878,2
DA:1879,2
DA:1880,2
DA:1881,2
DA:1882,2
DA:1883,2
DA:1884,2
DA:1885,2
DA:1886,2
DA:1887,2
DA:1888,2
DA:1889,2
DA:1890,2
DA:1891,2
DA:1892,2
DA:1893,2
DA:1894,2
DA:1895,2
DA:1896,2
DA:1897,2
DA:1898,2
DA:1899,2
DA:1900,2
DA:1901,2
DA:1902,2
DA:1903,2
DA:1904,2
DA:1905,2
DA:1906,2
DA:1907,2
DA:1908,2
DA:1909,2
DA:1910,2
DA:1911,2
DA:1912,2
DA:1914,0
DA:1918,5
DA:1919,5
DA:1920,5
DA:1921,5
LF:1370
LH:1143
end_of_record
SF:/Users/suragch/Dev/DartProjects/mongol_code/lib/src/menksoft/fixed_words_menk_uni.dart
DA:3,5
DA:4,5
DA:6,5
DA:7,5
DA:8,5
DA:10,3
LF:6
LH:6
end_of_record
SF:/Users/suragch/Dev/DartProjects/mongol_code/lib/src/unicode/fixed_words_uni_menk.dart
DA:3,6
DA:4,6
DA:6,6
DA:7,6
DA:8,6
DA:10,3
LF:6
LH:6
end_of_record
SF:/Users/suragch/Dev/DartProjects/mongol_code/lib/src/unicode/mongol_word.dart
DA:33,6
DA:34,6
DA:35,6
DA:36,12
DA:37,6
DA:38,6
DA:39,6
DA:42,6
DA:43,21
DA:44,18
DA:45,6
DA:49,28
DA:50,18
DA:51,6
DA:57,6
DA:59,12
DA:62,6
DA:63,18
DA:64,10
DA:65,10
DA:69,6
DA:70,24
DA:71,1
DA:73,6
DA:78,24
DA:79,12
DA:80,12
DA:81,6
DA:85,6
DA:86,4
DA:87,6
DA:88,5
DA:89,6
DA:90,4
DA:91,6
DA:92,3
DA:93,6
DA:94,4
DA:95,6
DA:96,3
DA:97,6
DA:98,3
DA:99,6
DA:100,3
DA:101,6
DA:102,5
DA:103,6
DA:104,3
DA:105,6
DA:106,4
DA:107,6
DA:108,3
DA:109,6
DA:110,4
DA:111,6
DA:112,5
DA:113,6
DA:114,4
DA:115,6
DA:116,5
DA:117,6
DA:118,4
DA:119,6
DA:120,2
DA:121,6
DA:122,4
DA:123,6
DA:124,5
DA:125,5
DA:126,4
DA:127,5
DA:128,3
DA:129,5
DA:130,4
DA:131,5
DA:132,4
DA:133,5
DA:134,2
DA:135,5
DA:136,2
DA:137,5
DA:138,3
DA:139,5
DA:140,1
DA:141,5
DA:142,2
DA:143,5
DA:144,2
DA:145,5
DA:146,2
DA:147,5
DA:148,2
DA:149,5
DA:150,3
DA:151,5
DA:152,1
DA:153,5
DA:154,2
DA:155,5
DA:156,0
DA:157,5
DA:158,3
DA:159,5
DA:160,0
DA:161,5
DA:162,3
DA:163,4
DA:164,4
DA:165,4
DA:166,2
DA:167,4
DA:168,4
DA:170,1
DA:171,1
DA:174,0
DA:178,6
DA:183,12
DA:186,6
DA:187,24
DA:188,6
DA:189,12
DA:195,4
DA:196,4
DA:197,4
DA:198,4
DA:199,4
DA:200,1
DA:201,4
DA:202,1
DA:203,4
DA:204,1
DA:206,2
DA:208,4
DA:209,6
DA:210,1
DA:211,6
DA:212,1
DA:214,3
DA:216,4
DA:217,8
DA:218,1
DA:219,1
DA:220,4
DA:222,2
DA:223,0
DA:224,0
DA:226,2
DA:227,2
DA:230,4
DA:231,3
DA:233,4
DA:235,4
DA:237,4
DA:238,8
DA:239,1
DA:240,1
DA:241,4
DA:242,0
DA:243,0
DA:244,0
DA:246,0
DA:247,0
DA:249,4
DA:250,3
DA:251,3
DA:253,3
DA:254,2
DA:255,2
DA:257,3
DA:258,3
DA:264,5
DA:265,5
DA:266,5
DA:267,5
DA:268,4
DA:269,1
DA:271,2
DA:273,5
DA:274,10
DA:275,1
DA:277,5
DA:279,5
DA:280,5
DA:282,1
DA:283,0
DA:284,0
DA:286,1
DA:287,1
DA:290,5
DA:291,3
DA:293,5
DA:295,5
DA:297,4
DA:298,8
DA:299,1
DA:300,1
DA:301,8
DA:302,1
DA:303,0
DA:304,0
DA:306,1
DA:307,1
DA:309,4
DA:310,2
DA:311,2
DA:313,4
DA:314,2
DA:315,2
DA:317,4
DA:318,4
DA:324,4
DA:330,4
DA:331,4
DA:332,4
DA:333,1
DA:336,2
DA:338,4
DA:339,6
DA:340,1
DA:342,3
DA:344,4
DA:345,8
DA:346,2
DA:347,8
DA:348,1
DA:349,8
DA:350,2
DA:351,4
DA:352,2
DA:354,4
DA:355,2
DA:356,4
DA:363,3
DA:366,3
DA:369,4
DA:370,4
DA:371,1
DA:373,4
DA:376,4
DA:379,4
DA:384,4
DA:385,4
DA:386,4
DA:387,3
DA:388,3
DA:392,6
DA:393,6
DA:396,3
DA:397,3
DA:398,3
DA:399,3
DA:400,2
DA:401,3
DA:402,3
DA:403,3
DA:404,6
DA:405,3
DA:406,3
DA:408,1
DA:409,0
DA:411,1
DA:414,3
DA:415,1
DA:417,3
DA:420,3
DA:421,6
DA:422,3
DA:423,6
DA:424,1
DA:426,3
DA:427,1
DA:429,3
DA:433,3
DA:436,4
DA:437,4
DA:438,4
DA:439,4
DA:440,2
DA:441,1
DA:444,1
DA:446,4
DA:447,6
DA:448,1
DA:450,3
DA:452,4
DA:453,8
DA:454,1
DA:455,4
DA:457,2
DA:458,2
DA:460,2
DA:463,4
DA:464,2
DA:466,4
DA:469,3
DA:470,6
DA:471,1
DA:472,0
DA:474,1
DA:476,6
DA:477,2
DA:479,3
DA:480,2
DA:482,3
DA:486,4
DA:489,3
DA:495,3
DA:496,3
DA:497,3
DA:498,4
DA:499,1
DA:501,2
DA:503,3
DA:504,2
DA:505,3
DA:506,6
DA:507,3
DA:508,1
DA:512,3
DA:516,6
DA:517,1
DA:518,3
DA:520,0
DA:521,0
DA:523,0
DA:526,6
DA:528,2
DA:529,1
DA:533,2
DA:537,2
DA:538,1
DA:540,2
DA:543,2
DA:544,4
DA:545,1
DA:546,0
DA:550,1
DA:552,4
DA:553,1
DA:554,0
DA:556,1
DA:559,2
DA:560,0
DA:562,2
DA:566,3
DA:569,3
DA:575,3
DA:576,3
DA:577,3
DA:578,2
DA:579,1
DA:580,2
DA:581,1
DA:583,1
DA:585,3
DA:586,6
DA:587,1
DA:589,3
DA:591,3
DA:592,6
DA:593,2
DA:594,1
DA:598,2
DA:602,6
DA:603,3
DA:604,3
DA:606,1
DA:607,1
DA:609,1
DA:612,6
DA:614,2
DA:615,2
DA:619,2
DA:623,3
DA:624,2
DA:626,3
DA:629,3
DA:630,6
DA:631,2
DA:632,0
DA:636,2
DA:638,6
DA:639,1
DA:640,0
DA:642,1
DA:645,3
DA:646,2
DA:648,3
DA:652,3
DA:655,3
DA:656,3
DA:657,3
DA:658,3
DA:659,1
DA:660,3
DA:661,1
DA:662,3
DA:663,3
DA:664,1
DA:665,1
DA:667,3
DA:670,5
DA:671,5
DA:672,5
DA:673,2
DA:674,1
DA:676,1
DA:678,5
DA:679,8
DA:680,2
DA:681,1
DA:683,0
DA:686,8
DA:687,3
DA:689,3
DA:692,5
DA:693,8
DA:694,2
DA:695,0
DA:696,0
DA:698,4
DA:699,2
DA:701,1
DA:703,2
DA:705,8
DA:706,3
DA:707,0
DA:708,0
DA:710,6
DA:711,2
DA:713,1
DA:715,3
DA:717,4
DA:718,2
DA:719,2
DA:722,4
DA:723,6
DA:724,2
DA:726,3
DA:729,6
DA:730,3
DA:732,2
DA:735,4
DA:737,5
DA:738,10
DA:739,1
DA:741,5
DA:743,5
DA:747,3
DA:748,3
DA:749,3
DA:750,1
DA:751,3
DA:752,2
DA:753,0
DA:754,2
DA:755,1
DA:757,0
DA:759,3
DA:760,6
DA:761,2
DA:762,6
DA:763,3
DA:765,2
DA:767,3
DA:768,3
DA:770,3
DA:773,4
DA:774,4
DA:775,4
DA:776,1
DA:777,4
DA:778,4
DA:779,2
DA:780,8
DA:781,1
DA:783,3
DA:785,3
DA:786,3
DA:787,2
DA:788,6
DA:789,2
DA:791,2
DA:793,2
DA:794,4
DA:795,1
DA:797,2
DA:800,4
DA:803,3
DA:804,3
DA:805,3
DA:806,1
DA:807,3
DA:808,3
DA:809,1
DA:810,6
DA:811,1
DA:813,2
DA:815,2
DA:816,2
DA:817,1
DA:818,4
DA:819,1
DA:821,1
DA:823,2
DA:824,2
DA:826,3
DA:829,4
DA:835,4
DA:836,4
DA:837,2
DA:838,1
DA:839,2
DA:840,1
DA:841,2
DA:842,1
DA:844,1
DA:846,4
DA:847,8
DA:849,2
DA:850,1
DA:852,0
DA:856,8
DA:857,1
DA:858,0
DA:860,1
DA:862,8
DA:863,2
DA:864,1
DA:866,0
DA:868,8
DA:869,1
DA:870,0
DA:872,1
DA:875,8
DA:876,2
DA:877,2
DA:879,2
DA:882,8
DA:883,3
DA:885,2
DA:891,4
DA:892,6
DA:893,1
DA:895,0
DA:898,1
DA:900,1
DA:901,6
DA:902,1
DA:903,0
DA:904,1
DA:905,0
DA:907,1
DA:909,1
DA:910,6
DA:911,2
DA:912,1
DA:916,0
DA:920,1
DA:921,6
DA:923,1
DA:924,0
DA:925,1
DA:926,0
DA:928,1
DA:930,1
DA:931,3
DA:932,1
DA:933,1
DA:935,6
DA:936,2
DA:937,2
DA:939,2
DA:941,2
DA:942,3
DA:943,4
DA:944,2
DA:948,2
DA:952,2
DA:957,4
DA:958,3
DA:960,4
DA:961,3
DA:962,1
DA:966,2
DA:967,1
DA:971,0
DA:976,2
DA:979,3
DA:980,6
DA:981,1
DA:983,3
DA:985,3
DA:989,5
DA:995,5
DA:996,5
DA:997,2
DA:998,1
DA:999,2
DA:1000,1
DA:1001,2
DA:1002,1
DA:1004,1
DA:1006,5
DA:1007,6
DA:1008,2
DA:1009,1
DA:1013,0
DA:1017,6
DA:1018,1
DA:1019,0
DA:1021,1
DA:1023,1
DA:1024,6
DA:1025,2
DA:1026,1
DA:1028,0
DA:1030,6
DA:1031,1
DA:1032,0
DA:1034,1
DA:1036,1
DA:1038,6
DA:1039,1
DA:1040,1
DA:1042,1
DA:1044,1
DA:1046,3
DA:1048,1
DA:1049,1
DA:1050,6
DA:1051,2
DA:1053,2
DA:1059,3
DA:1060,5
DA:1061,10
DA:1062,1
DA:1063,0
DA:1065,2
DA:1066,1
DA:1070,0
DA:1075,1
DA:1076,10
DA:1077,3
DA:1078,0
DA:1079,0
DA:1081,0
DA:1083,3
DA:1084,3
DA:1085,3
DA:1086,4
DA:1088,1
DA:1091,2
DA:1094,6
DA:1095,2
DA:1097,2
DA:1100,3
DA:1101,10
DA:1102,1
DA:1103,0
DA:1105,1
DA:1107,1
DA:1108,10
DA:1109,1
DA:1110,0
DA:1111,1
DA:1112,0
DA:1114,1
DA:1116,1
DA:1117,5
DA:1118,3
DA:1119,3
DA:1122,10
DA:1124,3
DA:1125,2
DA:1127,3
DA:1129,3
DA:1130,5
DA:1132,6
DA:1133,3
DA:1137,3
DA:1141,3
DA:1144,8
DA:1145,3
DA:1146,9
DA:1149,8
DA:1151,9
DA:1153,3
DA:1154,3
DA:1155,4
DA:1156,4
DA:1157,4
DA:1158,6
DA:1160,1
DA:1164,3
DA:1168,8
DA:1169,3
DA:1173,3
DA:1177,4
DA:1179,2
DA:1180,2
DA:1184,5
DA:1185,3
DA:1186,6
DA:1187,2
DA:1188,6
DA:1189,3
DA:1190,6
DA:1191,1
DA:1192,3
DA:1193,0
DA:1195,9
DA:1196,6
DA:1197,2
DA:1200,3
DA:1203,3
DA:1207,3
DA:1208,3
DA:1209,3
DA:1210,3
DA:1211,3
DA:1214,5
DA:1215,5
DA:1216,15
DA:1217,8
DA:1218,4
DA:1219,4
DA:1220,6
DA:1221,4
DA:1222,4
DA:1223,6
DA:1228,4
DA:1234,4
DA:1235,4
DA:1236,1
DA:1237,4
DA:1238,6
DA:1239,3
DA:1241,2
DA:1243,4
DA:1244,4
DA:1245,2
DA:1246,2
DA:1252,8
DA:1254,1
DA:1255,8
DA:1257,3
DA:1258,3
DA:1259,3
DA:1260,3
DA:1262,3
DA:1264,4
DA:1265,3
DA:1266,3
DA:1267,3
DA:1271,5
DA:1277,5
DA:1278,5
DA:1279,1
DA:1280,5
DA:1281,8
DA:1282,4
DA:1284,1
DA:1286,4
DA:1287,4
DA:1288,1
DA:1289,1
DA:1295,8
DA:1297,1
DA:1298,8
DA:1300,3
DA:1301,3
DA:1302,3
DA:1303,3
DA:1305,3
DA:1307,4
DA:1308,3
DA:1309,3
DA:1310,3
DA:1314,4
DA:1315,4
DA:1316,4
DA:1317,1
DA:1318,4
DA:1319,6
DA:1320,3
DA:1322,2
DA:1324,4
DA:1325,9
DA:1326,0
DA:1327,0
DA:1328,4
DA:1329,1
DA:1330,1
DA:1331,8
DA:1332,2
DA:1333,2
DA:1335,3
DA:1336,3
DA:1338,2
DA:1339,4
DA:1340,1
DA:1341,1
DA:1343,2
DA:1344,2
DA:1349,2
DA:1350,2
DA:1351,2
DA:1352,2
DA:1353,1
DA:1355,1
DA:1357,2
DA:1358,4
DA:1359,2
DA:1360,1
DA:1362,0
DA:1365,4
DA:1366,2
DA:1368,1
DA:1371,2
DA:1372,4
DA:1373,2
DA:1374,1
DA:1376,0
DA:1378,2
DA:1379,0
DA:1381,4
DA:1382,2
DA:1384,1
DA:1387,1
DA:1388,1
DA:1390,2
DA:1393,4
DA:1394,4
DA:1395,4
DA:1396,1
DA:1397,4
DA:1398,8
DA:1399,3
DA:1401,3
DA:1403,3
DA:1404,6
DA:1405,6
DA:1406,3
DA:1408,1
DA:1410,3
DA:1412,3
DA:1413,3
DA:1415,3
DA:1416,3
DA:1417,3
DA:1421,5
DA:1422,5
DA:1423,5
DA:1424,2
DA:1425,1
DA:1427,1
DA:1429,5
DA:1430,6
DA:1431,3
DA:1433,6
DA:1434,2
DA:1436,2
DA:1439,5
DA:1440,8
DA:1441,2
DA:1442,2
DA:1443,4
DA:1445,2
DA:1446,2
DA:1448,4
DA:1449,3
DA:1450,3
DA:1452,3
DA:1453,3
DA:1456,4
DA:1457,8
DA:1458,2
DA:1459,2
DA:1461,4
DA:1462,4
DA:1467,4
DA:1468,4
DA:1469,4
DA:1470,1
DA:1471,4
DA:1472,3
DA:1473,4
DA:1474,4
DA:1475,1
DA:1476,1
DA:1478,4
DA:1481,3
DA:1482,3
DA:1483,3
DA:1484,2
DA:1485,1
DA:1487,1
DA:1489,3
DA:1490,3
DA:1491,3
DA:1492,3
DA:1493,0
DA:1495,3
DA:1497,3
DA:1498,1
DA:1499,2
DA:1500,1
DA:1501,1
DA:1503,1
DA:1504,1
DA:1509,4
DA:1515,4
DA:1516,4
DA:1517,2
DA:1518,1
DA:1520,1
DA:1522,4
DA:1523,8
DA:1524,2
DA:1526,4
DA:1528,3
DA:1529,6
DA:1530,3
DA:1531,6
DA:1532,1
DA:1533,6
DA:1534,1
DA:1535,3
DA:1536,2
DA:1538,3
DA:1540,1
DA:1541,1
DA:1543,4
DA:1546,4
DA:1547,4
DA:1548,4
DA:1549,1
DA:1550,4
DA:1551,6
DA:1552,2
DA:1554,2
DA:1556,4
DA:1557,3
DA:1558,1
DA:1559,6
DA:1560,3
DA:1562,2
DA:1564,3
DA:1565,4
DA:1566,4
DA:1567,4
DA:1571,2
DA:1572,2
DA:1573,2
DA:1574,1
DA:1575,2
DA:1576,2
DA:1577,2
DA:1578,4
DA:1579,1
DA:1580,1
DA:1581,2
DA:1582,0
DA:1583,0
DA:1585,2
DA:1586,2
DA:1588,2
DA:1589,4
DA:1590,1
DA:1591,1
DA:1593,2
DA:1594,2
DA:1599,2
DA:1600,2
DA:1601,2
DA:1602,1
DA:1603,2
DA:1604,2
DA:1605,1
DA:1606,4
DA:1607,1
DA:1609,1
DA:1611,2
DA:1612,2
DA:1613,0
DA:1614,4
DA:1615,1
DA:1617,1
DA:1619,2
DA:1620,2
DA:1622,2
DA:1625,3
DA:1626,3
DA:1627,3
DA:1628,1
DA:1629,3
DA:1630,3
DA:1631,1
DA:1633,3
DA:1635,2
DA:1636,2
DA:1637,1
DA:1638,4
DA:1639,2
DA:1641,1
DA:1643,2
DA:1644,2
DA:1646,3
DA:1649,1
DA:1650,1
DA:1651,1
DA:1652,1
DA:1653,1
DA:1654,1
DA:1655,0
DA:1657,1
DA:1659,1
DA:1660,1
DA:1661,0
DA:1662,2
DA:1663,1
DA:1665,0
DA:1667,1
DA:1668,1
DA:1670,1
DA:1673,2
DA:1674,2
DA:1675,2
DA:1676,1
DA:1677,2
DA:1678,2
DA:1679,1
DA:1680,1
DA:1681,1
DA:1682,1
DA:1684,2
DA:1687,2
DA:1688,2
DA:1689,2
DA:1690,1
DA:1691,2
DA:1692,2
DA:1693,2
DA:1694,2
DA:1695,1
DA:1696,1
DA:1698,2
DA:1701,2
DA:1702,2
DA:1703,2
DA:1704,1
DA:1705,2
DA:1706,1
DA:1707,2
DA:1708,2
DA:1709,1
DA:1710,1
DA:1712,2
DA:1715,2
DA:1716,2
DA:1717,2
DA:1718,1
DA:1719,2
DA:1720,2
DA:1721,2
DA:1722,2
DA:1723,1
DA:1724,1
DA:1726,2
DA:1729,3
DA:1730,3
DA:1731,3
DA:1732,1
DA:1733,3
DA:1734,3
DA:1735,2
DA:1736,4
DA:1737,1
DA:1740,4
DA:1741,2
DA:1742,0
DA:1744,2
DA:1745,0
DA:1749,1
DA:1752,2
DA:1754,1
DA:1755,1
DA:1757,3
DA:1760,1
DA:1761,1
DA:1762,1
DA:1763,1
DA:1764,1
DA:1765,1
DA:1766,1
DA:1767,1
DA:1768,1
DA:1769,1
DA:1771,1
DA:1774,2
DA:1775,2
DA:1776,2
DA:1777,1
DA:1778,2
DA:1779,2
DA:1780,1
DA:1781,1
DA:1782,1
DA:1783,1
DA:1785,2
DA:1788,0
DA:1789,0
DA:1792,3
DA:1793,3
DA:1794,3
DA:1795,2
DA:1796,1
DA:1797,2
DA:1798,2
DA:1802,3
DA:1805,1
DA:1806,1
DA:1807,1
DA:1808,1
DA:1809,1
DA:1810,1
DA:1811,1
DA:1812,1
DA:1813,1
DA:1814,1
DA:1816,1
DA:1820,4
DA:1825,3
DA:1826,3
DA:1827,2
DA:1833,5
DA:1834,5
DA:1835,5
DA:1836,5
DA:1837,5
DA:1838,5
DA:1839,5
DA:1840,5
DA:1843,5
DA:1844,5
DA:1845,5
DA:1846,5
DA:1847,5
DA:1848,5
DA:1851,4
DA:1852,6
LF:1152
LH:1081
end_of_record
